#
# A fatal error has been detected by the Java Runtime Environment:
#
#  SIGSEGV (0xb) at pc=0x0000000102342b48, pid=19989, tid=0x0000000000006e2f
#
# JRE version: Java(TM) SE Runtime Environment (8.0_102-b14) (build 1.8.0_102-b14)
# Java VM: Java HotSpot(TM) 64-Bit Server VM (25.102-b14 mixed mode bsd-amd64 compressed oops)
# Problematic frame:
# V  [libjvm.dylib+0x342b48]
#
# Failed to write core dump. Core dumps have been disabled. To enable core dumping, try "ulimit -c unlimited" before starting Java again
#
# If you would like to submit a bug report, please visit:
#   http://bugreport.java.com/bugreport/crash.jsp
#

---------------  T H R E A D  ---------------

Current thread (0x00007fb71e25f000):  JavaThread "pool-22-thread-3" [_thread_in_vm, id=28207, stack(0x000070000d5d6000,0x000070000d6d6000)]

siginfo: si_signo: 11 (SIGSEGV), si_code: 1 (SEGV_MAPERR), si_addr: 0x0000000000000009

Registers:
RAX=0x0000000000000009, RBX=0x00007fb71561c330, RCX=0x00007fb71f4008c0, RDX=0x0000000000000001
RSP=0x000070000d6d3260, RBP=0x000070000d6d3290, RSI=0x00000007b9be8a78, RDI=0x00007fb71561c330
R8 =0x0000000000000003, R9 =0x000070000d6d3328, R10=0x00000001028f16f0, R11=0x000000011a85d4d8
R12=0x000000011f330120, R13=0x00000007b9be8a78, R14=0x00000001028351e0, R15=0x00000007b9be8a78
RIP=0x0000000102342b48, EFLAGS=0x0000000000010206, ERR=0x0000000000000004
  TRAPNO=0x000000000000000e

Top of Stack: (sp=0x000070000d6d3260)
0x000070000d6d3260:   000070000d6d3290 00007fb717f1aef8
0x000070000d6d3270:   000000011f330120 00000007b9be8a78
0x000070000d6d3280:   00007fb715610280 00007fb7157c4af0
0x000070000d6d3290:   000070000d6d32b0 0000000102342bd0
0x000070000d6d32a0:   0000000000000003 00000000ffffffff
0x000070000d6d32b0:   000070000d6d32f0 00000001021b851a
0x000070000d6d32c0:   000070000d6d3328 000000011f330120
0x000070000d6d32d0:   000000011f330120 00007fb7157c4af0
0x000070000d6d32e0:   000070000d6d3420 0000000000003824
0x000070000d6d32f0:   000070000d6d3380 00000001021b90c8
0x000070000d6d3300:   0000700000000200 00000001025cfafd
0x000070000d6d3310:   0000700000000000 00000003ffffffff
0x000070000d6d3320:   00007fb715410bf0 000000011f330120
0x000070000d6d3330:   00007fb71e25f000 000000011f330120
0x000070000d6d3340:   00007fb71e25f000 000000011f330120
0x000070000d6d3350:   000000011f330120 000000011f330120
0x000070000d6d3360:   000000011f330120 0000000000000200
0x000070000d6d3370:   00007fb71e25f001 0000000000003824
0x000070000d6d3380:   000070000d6d3490 00000001021b9655
0x000070000d6d3390:   00007fb700000200 00000001025cfafd
0x000070000d6d33a0:   0000700000000000 00007fb71f3baef0
0x000070000d6d33b0:   000002000d6d3c20 00000001025cfafd
0x000070000d6d33c0:   00007fb715610a00 000070000d6d3538
0x000070000d6d33d0:   ffffffff0d6d3420 00007fb715410bf0
0x000070000d6d33e0:   000000030d6d3410 000070000d6d3548
0x000070000d6d33f0:   000000011f330120 00007fb71e25f000
0x000070000d6d3400:   000000011f330120 00007fb71e25f000
0x000070000d6d3410:   000000011f330120 00007fb71e25f000
0x000070000d6d3420:   000000011f330120 00007fb71e25f000
0x000070000d6d3430:   000000011f330120 000000011f330120
0x000070000d6d3440:   000000011f330120 000000011f330120
0x000070000d6d3450:   000000011f330120 000000011f330120 

Instructions: (pc=0x0000000102342b48)
0x0000000102342b28:   8d 50 01 89 91 00 01 00 00 4c 89 3c c1 48 8d 04
0x0000000102342b38:   c1 48 83 c4 08 5b 41 5c 41 5d 41 5e 41 5f 5d c3
0x0000000102342b48:   48 8b 08 48 89 8b 20 01 00 00 4c 89 38 eb e2 90
0x0000000102342b58:   55 48 89 e5 41 56 53 48 85 ff 74 34 48 89 fb 48 

Register to memory mapping:

RAX=0x0000000000000009 is an unknown value
RBX=0x00007fb71561c330 is a global jni handle
RCX=0x00007fb71f4008c0 is a global jni handle
RDX=0x0000000000000001 is an unknown value
RSP=0x000070000d6d3260 is pointing into the stack for thread: 0x00007fb71e25f000
RBP=0x000070000d6d3290 is pointing into the stack for thread: 0x00007fb71e25f000
RSI=0x00000007b9be8a78 is an oop
java.net.URLClassLoader 
 - klass: 'java/net/URLClassLoader'
RDI=0x00007fb71561c330 is a global jni handle
R8 =0x0000000000000003 is an unknown value
R9 =0x000070000d6d3328 is pointing into the stack for thread: 0x00007fb71e25f000
R10=0x00000001028f16f0: _ZN19TemplateInterpreter20_invoke_return_entryE+0 in /Library/Java/JavaVirtualMachines/jdk1.8.0_102.jdk/Contents/Home/jre/lib/server/libjvm.dylib at 0x0000000102000000
R11=0x000000011a85d4d8 is pointing into metadata
R12={method} {0x000000011f330120} '<init>' '(Lcom/typesafe/config/ConfigOrigin;)V' in 'com/typesafe/config/impl/AbstractConfigValue'
R13=0x00000007b9be8a78 is an oop
java.net.URLClassLoader 
 - klass: 'java/net/URLClassLoader'
R14=0x00000001028351e0: _ZN18ThreadLocalStorage13_thread_indexE+0 in /Library/Java/JavaVirtualMachines/jdk1.8.0_102.jdk/Contents/Home/jre/lib/server/libjvm.dylib at 0x0000000102000000
R15=0x00000007b9be8a78 is an oop
java.net.URLClassLoader 
 - klass: 'java/net/URLClassLoader'


Stack: [0x000070000d5d6000,0x000070000d6d6000],  sp=0x000070000d6d3260,  free space=1012k
Native frames: (J=compiled Java code, j=interpreted, Vv=VM code, C=native code)
V  [libjvm.dylib+0x342b48]
V  [libjvm.dylib+0x342bd0]
V  [libjvm.dylib+0x1b851a]
V  [libjvm.dylib+0x1b90c8]
V  [libjvm.dylib+0x1b9655]
V  [libjvm.dylib+0x1b9dd3]
V  [libjvm.dylib+0xa1342]
V  [libjvm.dylib+0x50172c]
V  [libjvm.dylib+0xa28c3]
V  [libjvm.dylib+0x501f03]
V  [libjvm.dylib+0x2e6ea3]
V  [libjvm.dylib+0x2e70ba]
j  com.typesafe.config.impl.AbstractConfigValue.<init>(Lcom/typesafe/config/ConfigOrigin;)V+0
j  com.typesafe.config.impl.ConfigNumber.<init>(Lcom/typesafe/config/ConfigOrigin;Ljava/lang/String;)V+2
j  com.typesafe.config.impl.ConfigInt.<init>(Lcom/typesafe/config/ConfigOrigin;ILjava/lang/String;)V+3
j  com.typesafe.config.impl.ConfigNumber.newNumber(Lcom/typesafe/config/ConfigOrigin;JLjava/lang/String;)Lcom/typesafe/config/impl/ConfigNumber;+24
j  com.typesafe.config.impl.Tokens.newLong(Lcom/typesafe/config/ConfigOrigin;JLjava/lang/String;)Lcom/typesafe/config/impl/Token;+3
j  com.typesafe.config.impl.Tokenizer$TokenIterator.pullNumber(I)Lcom/typesafe/config/impl/Token;+119
J 14344 C1 com.typesafe.config.impl.Tokenizer$TokenIterator.pullNextToken(Lcom/typesafe/config/impl/Tokenizer$TokenIterator$WhitespaceSaver;)Lcom/typesafe/config/impl/Token; (333 bytes) @ 0x000000010c6d2e6c [0x000000010c6d24c0+0x9ac]
J 14343 C1 com.typesafe.config.impl.Tokenizer$TokenIterator.queueNextToken()V (53 bytes) @ 0x000000010c6ce134 [0x000000010c6ce0a0+0x94]
J 14339 C1 com.typesafe.config.impl.Tokenizer$TokenIterator.next()Lcom/typesafe/config/impl/Token; (78 bytes) @ 0x000000010c6cb11c [0x000000010c6cadc0+0x35c]
J 14338 C1 com.typesafe.config.impl.Tokenizer$TokenIterator.next()Ljava/lang/Object; (5 bytes) @ 0x000000010c6caa44 [0x000000010c6ca9c0+0x84]
J 14325 C1 com.typesafe.config.impl.ConfigDocumentParser$ParseContext.nextToken()Lcom/typesafe/config/impl/Token; (77 bytes) @ 0x000000010c6c3d84 [0x000000010c6c39c0+0x3c4]
j  com.typesafe.config.impl.ConfigDocumentParser$ParseContext.nextTokenCollectingWhitespace(Ljava/util/Collection;)Lcom/typesafe/config/impl/Token;+1
j  com.typesafe.config.impl.ConfigDocumentParser$ParseContext.parseObject(Z)Lcom/typesafe/config/impl/ConfigNodeComplexValue;+242
j  com.typesafe.config.impl.ConfigDocumentParser$ParseContext.parseValue(Lcom/typesafe/config/impl/Token;)Lcom/typesafe/config/impl/AbstractConfigNodeValue;+49
j  com.typesafe.config.impl.ConfigDocumentParser$ParseContext.parseObject(Z)Lcom/typesafe/config/impl/ConfigNodeComplexValue;+271
j  com.typesafe.config.impl.ConfigDocumentParser$ParseContext.parseValue(Lcom/typesafe/config/impl/Token;)Lcom/typesafe/config/impl/AbstractConfigNodeValue;+49
j  com.typesafe.config.impl.ConfigDocumentParser$ParseContext.parseObject(Z)Lcom/typesafe/config/impl/ConfigNodeComplexValue;+271
j  com.typesafe.config.impl.ConfigDocumentParser$ParseContext.parseValue(Lcom/typesafe/config/impl/Token;)Lcom/typesafe/config/impl/AbstractConfigNodeValue;+49
j  com.typesafe.config.impl.ConfigDocumentParser$ParseContext.parseObject(Z)Lcom/typesafe/config/impl/ConfigNodeComplexValue;+271
j  com.typesafe.config.impl.ConfigDocumentParser$ParseContext.parse()Lcom/typesafe/config/impl/ConfigNodeRoot;+142
j  com.typesafe.config.impl.ConfigDocumentParser.parse(Ljava/util/Iterator;Lcom/typesafe/config/ConfigOrigin;Lcom/typesafe/config/ConfigParseOptions;)Lcom/typesafe/config/impl/ConfigNodeRoot;+32
j  com.typesafe.config.impl.Parseable.rawParseValue(Ljava/io/Reader;Lcom/typesafe/config/ConfigOrigin;Lcom/typesafe/config/ConfigParseOptions;)Lcom/typesafe/config/impl/AbstractConfigValue;+31
j  com.typesafe.config.impl.Parseable.rawParseValue(Lcom/typesafe/config/ConfigOrigin;Lcom/typesafe/config/ConfigParseOptions;)Lcom/typesafe/config/impl/AbstractConfigValue;+84
j  com.typesafe.config.impl.Parseable.parseValue(Lcom/typesafe/config/ConfigOrigin;Lcom/typesafe/config/ConfigParseOptions;)Lcom/typesafe/config/impl/AbstractConfigValue;+3
j  com.typesafe.config.impl.Parseable.parseValue(Lcom/typesafe/config/ConfigParseOptions;)Lcom/typesafe/config/impl/AbstractConfigValue;+32
j  com.typesafe.config.impl.Parseable.parseValue()Lcom/typesafe/config/impl/AbstractConfigValue;+5
j  com.typesafe.config.impl.Parseable$ParseableResources.rawParseValue(Lcom/typesafe/config/ConfigOrigin;Lcom/typesafe/config/ConfigParseOptions;)Lcom/typesafe/config/impl/AbstractConfigObject;+205
j  com.typesafe.config.impl.Parseable$ParseableResources.rawParseValue(Lcom/typesafe/config/ConfigOrigin;Lcom/typesafe/config/ConfigParseOptions;)Lcom/typesafe/config/impl/AbstractConfigValue;+3
j  com.typesafe.config.impl.Parseable.parseValue(Lcom/typesafe/config/ConfigOrigin;Lcom/typesafe/config/ConfigParseOptions;)Lcom/typesafe/config/impl/AbstractConfigValue;+3
j  com.typesafe.config.impl.Parseable.parseValue(Lcom/typesafe/config/ConfigParseOptions;)Lcom/typesafe/config/impl/AbstractConfigValue;+32
j  com.typesafe.config.impl.Parseable.parse()Lcom/typesafe/config/ConfigObject;+5
j  com.typesafe.config.ConfigFactory.parseResources(Ljava/lang/String;Lcom/typesafe/config/ConfigParseOptions;)Lcom/typesafe/config/Config;+12
j  com.typesafe.config.ConfigFactory.parseResources(Ljava/lang/ClassLoader;Ljava/lang/String;Lcom/typesafe/config/ConfigParseOptions;)Lcom/typesafe/config/Config;+6
j  com.typesafe.config.ConfigFactory.parseResources(Ljava/lang/ClassLoader;Ljava/lang/String;)Lcom/typesafe/config/Config;+5
j  play.api.Configuration$.load(Ljava/lang/ClassLoader;Ljava/util/Properties;Lscala/collection/immutable/Map;Z)Lplay/api/Configuration;+97
j  play.api.Configuration$.load(Lplay/api/Environment;Lscala/collection/immutable/Map;)Lplay/api/Configuration;+44
j  play.api.Configuration$.load(Lplay/api/Environment;)Lplay/api/Configuration;+11
j  play.api.Configuration.load(Lplay/api/Environment;)Lplay/api/Configuration;+4
j  play.Configuration.load(Lplay/Environment;)Lplay/Configuration;+8
j  play.db.ebean.ModelsConfigLoader.apply(Ljava/lang/ClassLoader;)Ljava/util/Map;+22
j  play.db.ebean.ModelsConfigLoader.apply(Ljava/lang/Object;)Ljava/lang/Object;+5
j  play.ebean.sbt.PlayEbean$$anonfun$configuredEbeanModels$1$$anonfun$apply$1.apply(Ljava/lang/ClassLoader;)Lscala/collection/Seq;+20
j  play.ebean.sbt.PlayEbean$$anonfun$configuredEbeanModels$1$$anonfun$apply$1.apply(Ljava/lang/Object;)Ljava/lang/Object;+5
j  play.ebean.sbt.PlayEbean$$anonfun$configuredEbeanModels$1.withClassLoader$1(Lscala/Function1;Lscala/collection/Seq;Lscala/collection/Seq;)Ljava/lang/Object;+95
j  play.ebean.sbt.PlayEbean$$anonfun$configuredEbeanModels$1.apply(Lscala/Tuple2;)Lscala/collection/Seq;+27
j  play.ebean.sbt.PlayEbean$$anonfun$configuredEbeanModels$1.apply(Ljava/lang/Object;)Ljava/lang/Object;+5
J 14070 C2 scala.Function1$$anonfun$compose$1.apply(Ljava/lang/Object;)Ljava/lang/Object; (20 bytes) @ 0x000000010b261110 [0x000000010b2610a0+0x70]
J 5622 C1 sbt.$tilde$greater$$anonfun$$u2219$1.apply(Ljava/lang/Object;)Ljava/lang/Object; (27 bytes) @ 0x000000010b20e6d4 [0x000000010b20e5a0+0x134]
J 14050 C1 sbt.Execute$$anonfun$submit$1$$anonfun$apply$1.apply()Ljava/lang/Object; (5 bytes) @ 0x000000010ac2bf0c [0x000000010ac2bca0+0x26c]
J 13304 C1 sbt.ErrorHandling$.wideConvert(Lscala/Function0;)Lscala/util/Either; (131 bytes) @ 0x000000010c0f8cfc [0x000000010c0f8b40+0x1bc]
J 14044 C1 sbt.Execute.work(Ljava/lang/Object;Lscala/Function0;Lsbt/CompletionService;)Lsbt/Completed; (73 bytes) @ 0x000000010c4f6e44 [0x000000010c4f6ca0+0x1a4]
J 14041 C1 sbt.Execute$$anonfun$submit$1.apply()Ljava/lang/Object; (5 bytes) @ 0x000000010b235b1c [0x000000010b235780+0x39c]
J 14040 C1 sbt.ConcurrentRestrictions$$anon$4$$anonfun$1.apply()Ljava/lang/Object; (35 bytes) @ 0x000000010b507534 [0x000000010b507420+0x114]
J 13566 C1 sbt.CompletionService$$anon$2.call()Ljava/lang/Object; (10 bytes) @ 0x000000010c59b794 [0x000000010c59b680+0x114]
J 5628 C1 java.util.concurrent.FutureTask.run$$$capture()V (126 bytes) @ 0x000000010a9fb09c [0x000000010a9fae40+0x25c]
J 5591 C1 java.util.concurrent.FutureTask.run()V (18 bytes) @ 0x000000010b10518c [0x000000010b1050e0+0xac]
J 6629 C1 java.util.concurrent.Executors$RunnableAdapter.call()Ljava/lang/Object; (14 bytes) @ 0x000000010aaf9c14 [0x000000010aaf9b00+0x114]
J 5628 C1 java.util.concurrent.FutureTask.run$$$capture()V (126 bytes) @ 0x000000010a9fb09c [0x000000010a9fae40+0x25c]
J 5591 C1 java.util.concurrent.FutureTask.run()V (18 bytes) @ 0x000000010b10518c [0x000000010b1050e0+0xac]
j  java.util.concurrent.ThreadPoolExecutor.runWorker(Ljava/util/concurrent/ThreadPoolExecutor$Worker;)V+95
j  java.util.concurrent.ThreadPoolExecutor$Worker.run()V+5
j  java.lang.Thread.run()V+11
v  ~StubRoutines::call_stub
V  [libjvm.dylib+0x2ed5e2]
V  [libjvm.dylib+0x2edd70]
V  [libjvm.dylib+0x2edf1c]
V  [libjvm.dylib+0x348691]
V  [libjvm.dylib+0x56a4db]
V  [libjvm.dylib+0x56bbc8]
V  [libjvm.dylib+0x489ed2]
C  [libsystem_pthread.dylib+0x3305]  _pthread_body+0x7e
C  [libsystem_pthread.dylib+0x626f]  _pthread_start+0x46
C  [libsystem_pthread.dylib+0x2415]  thread_start+0xd
C  0x0000000000000000

Java frames: (J=compiled Java code, j=interpreted, Vv=VM code)
j  com.typesafe.config.impl.AbstractConfigValue.<init>(Lcom/typesafe/config/ConfigOrigin;)V+0
j  com.typesafe.config.impl.ConfigNumber.<init>(Lcom/typesafe/config/ConfigOrigin;Ljava/lang/String;)V+2
j  com.typesafe.config.impl.ConfigInt.<init>(Lcom/typesafe/config/ConfigOrigin;ILjava/lang/String;)V+3
j  com.typesafe.config.impl.ConfigNumber.newNumber(Lcom/typesafe/config/ConfigOrigin;JLjava/lang/String;)Lcom/typesafe/config/impl/ConfigNumber;+24
j  com.typesafe.config.impl.Tokens.newLong(Lcom/typesafe/config/ConfigOrigin;JLjava/lang/String;)Lcom/typesafe/config/impl/Token;+3
j  com.typesafe.config.impl.Tokenizer$TokenIterator.pullNumber(I)Lcom/typesafe/config/impl/Token;+119
J 14344 C1 com.typesafe.config.impl.Tokenizer$TokenIterator.pullNextToken(Lcom/typesafe/config/impl/Tokenizer$TokenIterator$WhitespaceSaver;)Lcom/typesafe/config/impl/Token; (333 bytes) @ 0x000000010c6d2e6c [0x000000010c6d24c0+0x9ac]
J 14343 C1 com.typesafe.config.impl.Tokenizer$TokenIterator.queueNextToken()V (53 bytes) @ 0x000000010c6ce134 [0x000000010c6ce0a0+0x94]
J 14339 C1 com.typesafe.config.impl.Tokenizer$TokenIterator.next()Lcom/typesafe/config/impl/Token; (78 bytes) @ 0x000000010c6cb11c [0x000000010c6cadc0+0x35c]
J 14338 C1 com.typesafe.config.impl.Tokenizer$TokenIterator.next()Ljava/lang/Object; (5 bytes) @ 0x000000010c6caa44 [0x000000010c6ca9c0+0x84]
J 14325 C1 com.typesafe.config.impl.ConfigDocumentParser$ParseContext.nextToken()Lcom/typesafe/config/impl/Token; (77 bytes) @ 0x000000010c6c3d84 [0x000000010c6c39c0+0x3c4]
j  com.typesafe.config.impl.ConfigDocumentParser$ParseContext.nextTokenCollectingWhitespace(Ljava/util/Collection;)Lcom/typesafe/config/impl/Token;+1
j  com.typesafe.config.impl.ConfigDocumentParser$ParseContext.parseObject(Z)Lcom/typesafe/config/impl/ConfigNodeComplexValue;+242
j  com.typesafe.config.impl.ConfigDocumentParser$ParseContext.parseValue(Lcom/typesafe/config/impl/Token;)Lcom/typesafe/config/impl/AbstractConfigNodeValue;+49
j  com.typesafe.config.impl.ConfigDocumentParser$ParseContext.parseObject(Z)Lcom/typesafe/config/impl/ConfigNodeComplexValue;+271
j  com.typesafe.config.impl.ConfigDocumentParser$ParseContext.parseValue(Lcom/typesafe/config/impl/Token;)Lcom/typesafe/config/impl/AbstractConfigNodeValue;+49
j  com.typesafe.config.impl.ConfigDocumentParser$ParseContext.parseObject(Z)Lcom/typesafe/config/impl/ConfigNodeComplexValue;+271
j  com.typesafe.config.impl.ConfigDocumentParser$ParseContext.parseValue(Lcom/typesafe/config/impl/Token;)Lcom/typesafe/config/impl/AbstractConfigNodeValue;+49
j  com.typesafe.config.impl.ConfigDocumentParser$ParseContext.parseObject(Z)Lcom/typesafe/config/impl/ConfigNodeComplexValue;+271
j  com.typesafe.config.impl.ConfigDocumentParser$ParseContext.parse()Lcom/typesafe/config/impl/ConfigNodeRoot;+142
j  com.typesafe.config.impl.ConfigDocumentParser.parse(Ljava/util/Iterator;Lcom/typesafe/config/ConfigOrigin;Lcom/typesafe/config/ConfigParseOptions;)Lcom/typesafe/config/impl/ConfigNodeRoot;+32
j  com.typesafe.config.impl.Parseable.rawParseValue(Ljava/io/Reader;Lcom/typesafe/config/ConfigOrigin;Lcom/typesafe/config/ConfigParseOptions;)Lcom/typesafe/config/impl/AbstractConfigValue;+31
j  com.typesafe.config.impl.Parseable.rawParseValue(Lcom/typesafe/config/ConfigOrigin;Lcom/typesafe/config/ConfigParseOptions;)Lcom/typesafe/config/impl/AbstractConfigValue;+84
j  com.typesafe.config.impl.Parseable.parseValue(Lcom/typesafe/config/ConfigOrigin;Lcom/typesafe/config/ConfigParseOptions;)Lcom/typesafe/config/impl/AbstractConfigValue;+3
j  com.typesafe.config.impl.Parseable.parseValue(Lcom/typesafe/config/ConfigParseOptions;)Lcom/typesafe/config/impl/AbstractConfigValue;+32
j  com.typesafe.config.impl.Parseable.parseValue()Lcom/typesafe/config/impl/AbstractConfigValue;+5
j  com.typesafe.config.impl.Parseable$ParseableResources.rawParseValue(Lcom/typesafe/config/ConfigOrigin;Lcom/typesafe/config/ConfigParseOptions;)Lcom/typesafe/config/impl/AbstractConfigObject;+205
j  com.typesafe.config.impl.Parseable$ParseableResources.rawParseValue(Lcom/typesafe/config/ConfigOrigin;Lcom/typesafe/config/ConfigParseOptions;)Lcom/typesafe/config/impl/AbstractConfigValue;+3
j  com.typesafe.config.impl.Parseable.parseValue(Lcom/typesafe/config/ConfigOrigin;Lcom/typesafe/config/ConfigParseOptions;)Lcom/typesafe/config/impl/AbstractConfigValue;+3
j  com.typesafe.config.impl.Parseable.parseValue(Lcom/typesafe/config/ConfigParseOptions;)Lcom/typesafe/config/impl/AbstractConfigValue;+32
j  com.typesafe.config.impl.Parseable.parse()Lcom/typesafe/config/ConfigObject;+5
j  com.typesafe.config.ConfigFactory.parseResources(Ljava/lang/String;Lcom/typesafe/config/ConfigParseOptions;)Lcom/typesafe/config/Config;+12
j  com.typesafe.config.ConfigFactory.parseResources(Ljava/lang/ClassLoader;Ljava/lang/String;Lcom/typesafe/config/ConfigParseOptions;)Lcom/typesafe/config/Config;+6
j  com.typesafe.config.ConfigFactory.parseResources(Ljava/lang/ClassLoader;Ljava/lang/String;)Lcom/typesafe/config/Config;+5
j  play.api.Configuration$.load(Ljava/lang/ClassLoader;Ljava/util/Properties;Lscala/collection/immutable/Map;Z)Lplay/api/Configuration;+97
j  play.api.Configuration$.load(Lplay/api/Environment;Lscala/collection/immutable/Map;)Lplay/api/Configuration;+44
j  play.api.Configuration$.load(Lplay/api/Environment;)Lplay/api/Configuration;+11
j  play.api.Configuration.load(Lplay/api/Environment;)Lplay/api/Configuration;+4
j  play.Configuration.load(Lplay/Environment;)Lplay/Configuration;+8
j  play.db.ebean.ModelsConfigLoader.apply(Ljava/lang/ClassLoader;)Ljava/util/Map;+22
j  play.db.ebean.ModelsConfigLoader.apply(Ljava/lang/Object;)Ljava/lang/Object;+5
j  play.ebean.sbt.PlayEbean$$anonfun$configuredEbeanModels$1$$anonfun$apply$1.apply(Ljava/lang/ClassLoader;)Lscala/collection/Seq;+20
j  play.ebean.sbt.PlayEbean$$anonfun$configuredEbeanModels$1$$anonfun$apply$1.apply(Ljava/lang/Object;)Ljava/lang/Object;+5
j  play.ebean.sbt.PlayEbean$$anonfun$configuredEbeanModels$1.withClassLoader$1(Lscala/Function1;Lscala/collection/Seq;Lscala/collection/Seq;)Ljava/lang/Object;+95
j  play.ebean.sbt.PlayEbean$$anonfun$configuredEbeanModels$1.apply(Lscala/Tuple2;)Lscala/collection/Seq;+27
j  play.ebean.sbt.PlayEbean$$anonfun$configuredEbeanModels$1.apply(Ljava/lang/Object;)Ljava/lang/Object;+5
J 14070 C2 scala.Function1$$anonfun$compose$1.apply(Ljava/lang/Object;)Ljava/lang/Object; (20 bytes) @ 0x000000010b261110 [0x000000010b2610a0+0x70]
J 5622 C1 sbt.$tilde$greater$$anonfun$$u2219$1.apply(Ljava/lang/Object;)Ljava/lang/Object; (27 bytes) @ 0x000000010b20e6d4 [0x000000010b20e5a0+0x134]
J 14050 C1 sbt.Execute$$anonfun$submit$1$$anonfun$apply$1.apply()Ljava/lang/Object; (5 bytes) @ 0x000000010ac2bf0c [0x000000010ac2bca0+0x26c]
J 13304 C1 sbt.ErrorHandling$.wideConvert(Lscala/Function0;)Lscala/util/Either; (131 bytes) @ 0x000000010c0f8cfc [0x000000010c0f8b40+0x1bc]
J 14044 C1 sbt.Execute.work(Ljava/lang/Object;Lscala/Function0;Lsbt/CompletionService;)Lsbt/Completed; (73 bytes) @ 0x000000010c4f6e44 [0x000000010c4f6ca0+0x1a4]
J 14041 C1 sbt.Execute$$anonfun$submit$1.apply()Ljava/lang/Object; (5 bytes) @ 0x000000010b235b1c [0x000000010b235780+0x39c]
J 14040 C1 sbt.ConcurrentRestrictions$$anon$4$$anonfun$1.apply()Ljava/lang/Object; (35 bytes) @ 0x000000010b507534 [0x000000010b507420+0x114]
J 13566 C1 sbt.CompletionService$$anon$2.call()Ljava/lang/Object; (10 bytes) @ 0x000000010c59b794 [0x000000010c59b680+0x114]
J 5628 C1 java.util.concurrent.FutureTask.run$$$capture()V (126 bytes) @ 0x000000010a9fb09c [0x000000010a9fae40+0x25c]
J 5591 C1 java.util.concurrent.FutureTask.run()V (18 bytes) @ 0x000000010b10518c [0x000000010b1050e0+0xac]
J 6629 C1 java.util.concurrent.Executors$RunnableAdapter.call()Ljava/lang/Object; (14 bytes) @ 0x000000010aaf9c14 [0x000000010aaf9b00+0x114]
J 5628 C1 java.util.concurrent.FutureTask.run$$$capture()V (126 bytes) @ 0x000000010a9fb09c [0x000000010a9fae40+0x25c]
J 5591 C1 java.util.concurrent.FutureTask.run()V (18 bytes) @ 0x000000010b10518c [0x000000010b1050e0+0xac]
j  java.util.concurrent.ThreadPoolExecutor.runWorker(Ljava/util/concurrent/ThreadPoolExecutor$Worker;)V+95
j  java.util.concurrent.ThreadPoolExecutor$Worker.run()V+5
j  java.lang.Thread.run()V+11
v  ~StubRoutines::call_stub

---------------  P R O C E S S  ---------------

Java Threads: ( => current thread )
  0x00007fb71ed09000 JavaThread "pool-22-thread-6" [_thread_blocked, id=36883, stack(0x000070000d8df000,0x000070000d9df000)]
  0x00007fb718274800 JavaThread "pool-22-thread-5" [_thread_blocked, id=27931, stack(0x000070000d7dc000,0x000070000d8dc000)]
  0x00007fb71dd1c000 JavaThread "pool-22-thread-4" [_thread_blocked, id=27679, stack(0x000070000d6d9000,0x000070000d7d9000)]
=>0x00007fb71e25f000 JavaThread "pool-22-thread-3" [_thread_in_vm, id=28207, stack(0x000070000d5d6000,0x000070000d6d6000)]
  0x00007fb71d3f5000 JavaThread "pool-22-thread-2" [_thread_blocked, id=28483, stack(0x000070000cec1000,0x000070000cfc1000)]
  0x00007fb71e7af000 JavaThread "pool-22-thread-1" [_thread_blocked, id=24335, stack(0x000070000ccbb000,0x000070000cdbb000)]
  0x00007fb71d2e2000 JavaThread "application-akka.actor.default-dispatcher-5" [_thread_blocked, id=37659, stack(0x000070000dff4000,0x000070000e0f4000)]
  0x00007fb71ceb8800 JavaThread "application-akka.actor.default-dispatcher-4" [_thread_blocked, id=28939, stack(0x000070000def1000,0x000070000dff1000)]
  0x00007fb71c9aa000 JavaThread "application-akka.actor.default-dispatcher-3" [_thread_blocked, id=37407, stack(0x000070000ddee000,0x000070000deee000)]
  0x00007fb71ec90000 JavaThread "application-akka.actor.default-dispatcher-2" [_thread_blocked, id=35359, stack(0x000070000dceb000,0x000070000ddeb000)]
  0x00007fb71cd88000 JavaThread "application-scheduler-1" [_thread_blocked, id=22043, stack(0x000070000dbe8000,0x000070000dce8000)]
  0x00007fb71d65f000 JavaThread "HikariPool-4 housekeeper" daemon [_thread_blocked, id=37151, stack(0x000070000d4d3000,0x000070000d5d3000)]
  0x00007fb71e383000 JavaThread "AsyncAppender-Worker-ASYNCSTDOUT" daemon [_thread_blocked, id=36127, stack(0x000070000d3d0000,0x000070000d4d0000)]
  0x00007fb71de53800 JavaThread "AsyncAppender-Worker-ASYNCFILE" daemon [_thread_blocked, id=26647, stack(0x000070000c4a3000,0x000070000c5a3000)]
  0x00007fb71de54000 JavaThread "netty-event-loop-1" [_thread_in_native, id=43291, stack(0x000070000c9b2000,0x000070000cab2000)]
  0x00007fb71cdb1000 JavaThread "netty-event-loop-8" [_thread_in_native, id=39175, stack(0x000070000d2cd000,0x000070000d3cd000)]
  0x00007fb71ec75800 JavaThread "netty-event-loop-7" [_thread_in_native, id=3607, stack(0x000070000c7ac000,0x000070000c8ac000)]
  0x00007fb71def0000 JavaThread "netty-event-loop-6" [_thread_blocked, id=22279, stack(0x000070000c6a9000,0x000070000c7a9000)]
  0x00007fb71e831800 JavaThread "netty-event-loop-5" [_thread_blocked, id=27147, stack(0x000070000d9e2000,0x000070000dae2000)]
  0x00007fb71d48c000 JavaThread "netty-event-loop-4" [_thread_in_native, id=25859, stack(0x000070000d1ca000,0x000070000d2ca000)]
  0x00007fb715808000 JavaThread "netty-event-loop-3" [_thread_in_native, id=38659, stack(0x000070000d0c7000,0x000070000d1c7000)]
  0x00007fb71d4a1800 JavaThread "netty-event-loop-2" [_thread_in_native, id=25091, stack(0x000070000cfc4000,0x000070000d0c4000)]
  0x00007fb71d84e800 JavaThread "play-dev-mode-akka.actor.default-dispatcher-3" [_thread_blocked, id=24835, stack(0x000070000cdbe000,0x000070000cebe000)]
  0x00007fb71ea5d800 JavaThread "play-dev-mode-scheduler-1" [_thread_blocked, id=24067, stack(0x000070000cbb8000,0x000070000ccb8000)]
  0x00007fb71d0c5000 JavaThread "FSEvent thread" daemon [_thread_in_native, id=41731, stack(0x000070000cab5000,0x000070000cbb5000)]
  0x00007fb71e44e000 JavaThread "pool-4-thread-3" [_thread_in_native, id=42499, stack(0x000070000c8af000,0x000070000c9af000)]
  0x00007fb71deda800 JavaThread "sbt-web-akka.actor.default-dispatcher-3" [_thread_blocked, id=16655, stack(0x000070000c5a6000,0x000070000c6a6000)]
  0x00007fb71df08000 JavaThread "sbt-web-scheduler-1" [_thread_blocked, id=16399, stack(0x000070000c3a0000,0x000070000c4a0000)]
  0x00007fb715877000 JavaThread "Service Thread" daemon [_thread_blocked, id=17411, stack(0x000070000c19a000,0x000070000c29a000)]
  0x00007fb71682b800 JavaThread "C1 CompilerThread2" daemon [_thread_blocked, id=15107, stack(0x000070000c097000,0x000070000c197000)]
  0x00007fb717007000 JavaThread "C2 CompilerThread1" daemon [_thread_blocked, id=17667, stack(0x000070000bf94000,0x000070000c094000)]
  0x00007fb716037000 JavaThread "C2 CompilerThread0" daemon [_thread_blocked, id=17923, stack(0x000070000be91000,0x000070000bf91000)]
  0x00007fb716001000 JavaThread "JDWP Command Reader" daemon [_thread_in_native, id=14339, stack(0x000070000bd8e000,0x000070000be8e000)]
  0x00007fb716809000 JavaThread "JDWP Event Helper Thread" daemon [_thread_blocked, id=14083, stack(0x000070000bc8b000,0x000070000bd8b000)]
  0x00007fb71680d000 JavaThread "JDWP Transport Listener: dt_socket" daemon [_thread_blocked, id=13831, stack(0x000070000bb88000,0x000070000bc88000)]
  0x00007fb716808800 JavaThread "Signal Dispatcher" daemon [_thread_blocked, id=13571, stack(0x000070000ba85000,0x000070000bb85000)]
  0x00007fb716807800 JavaThread "Finalizer" daemon [_thread_blocked, id=20227, stack(0x000070000b982000,0x000070000ba82000)]
  0x00007fb716800800 JavaThread "Reference Handler" daemon [_thread_blocked, id=11523, stack(0x000070000b87f000,0x000070000b97f000)]
  0x00007fb716004000 JavaThread "main" [_thread_blocked, id=9987, stack(0x000070000b26d000,0x000070000b36d000)]

Other Threads:
  0x00007fb715845000 VMThread [stack: 0x000070000b77c000,0x000070000b87c000] [id=20739]
  0x00007fb716820800 WatcherThread [stack: 0x000070000c29d000,0x000070000c39d000] [id=15619]

VM state:not at safepoint (normal execution)

VM Mutex/Monitor currently owned by a thread:  ([mutex/lock_event])
[0x00007fb715610280] JNIGlobalHandle_lock - owner thread: 0x00007fb71e25f000
[0x00007fb715610a00] MethodCompileQueue_lock - owner thread: 0x00007fb71e25f000

Heap:
 PSYoungGen      total 291328K, used 29831K [0x00000007aab00000, 0x00000007bfc80000, 0x00000007c0000000)
  eden space 243712K, 4% used [0x00000007aab00000,0x00000007ab58e698,0x00000007b9900000)
  from space 47616K, 39% used [0x00000007b9900000,0x00000007bab93840,0x00000007bc780000)
  to   space 45056K, 0% used [0x00000007bd080000,0x00000007bd080000,0x00000007bfc80000)
 ParOldGen       total 659968K, used 67417K [0x0000000780000000, 0x00000007a8480000, 0x00000007aab00000)
  object space 659968K, 10% used [0x0000000780000000,0x00000007841d6468,0x00000007a8480000)
 Metaspace       used 117639K, capacity 119006K, committed 119468K, reserved 1148928K
  class space    used 19393K, capacity 19773K, committed 19884K, reserved 1048576K

Card table byte_map: [0x00000001033a1000,0x00000001035a2000] byte_map_base: 0x00000000ff7a1000

Marking Bits: (ParMarkBitMap*) 0x00000001028efd20
 Begin Bits: [0x00000001036f8000, 0x00000001046f8000)
 End Bits:   [0x00000001046f8000, 0x00000001056f8000)

Polling page: 0x000000010171c000

CodeCache: size=245760Kb used=30560Kb max_used=30560Kb free=215200Kb
 bounds [0x000000010a8e2000, 0x000000010c6f2000, 0x00000001198e2000]
 total_blobs=11609 nmethods=10986 adapters=536
 compilation: enabled

Compilation events (10 events):
Event: 673.530 Thread 0x00007fb71682b800 nmethod 14363 0x000000010c6dcb90 code [0x000000010c6dcce0, 0x000000010c6dcdf0]
Event: 673.531 Thread 0x00007fb71682b800 14364       3       com.typesafe.config.impl.ConfigNodeField::separator (70 bytes)
Event: 673.533 Thread 0x00007fb71682b800 nmethod 14364 0x000000010c6dce50 code [0x000000010c6dd040, 0x000000010c6ddae8]
Event: 673.533 Thread 0x00007fb71682b800 14365       3       java.util.LinkedList::descendingIterator (10 bytes)
Event: 673.533 Thread 0x00007fb71682b800 nmethod 14365 0x000000010c6dde50 code [0x000000010c6ddfc0, 0x000000010c6de208]
Event: 673.533 Thread 0x00007fb71682b800 14366       3       com.typesafe.config.impl.AbstractConfigValue::resolveStatus (4 bytes)
Event: 673.533 Thread 0x00007fb71682b800 nmethod 14366 0x000000010c6de310 code [0x000000010c6de480, 0x000000010c6de5d0]
Event: 673.533 Thread 0x00007fb71682b800 14367       3       com.typesafe.config.impl.ResolveStatus::fromBoolean (14 bytes)
Event: 673.533 Thread 0x00007fb71682b800 nmethod 14367 0x000000010c6de650 code [0x000000010c6de7c0, 0x000000010c6de950]
Event: 673.534 Thread 0x00007fb71682b800 14368       3       com.typesafe.config.impl.ConfigNodeComment::<init> (26 bytes)

GC Heap History (10 events):
Event: 425.808 GC heap before
{Heap before GC invocations=21 (full 6):
 PSYoungGen      total 288256K, used 112013K [0x00000007aab00000, 0x00000007bf880000, 0x00000007c0000000)
  eden space 245248K, 36% used [0x00000007aab00000,0x00000007b01cf8d8,0x00000007b9a80000)
  from space 43008K, 53% used [0x00000007bce80000,0x00000007be513ba8,0x00000007bf880000)
  to   space 48128K, 0% used [0x00000007b9a80000,0x00000007b9a80000,0x00000007bc980000)
 ParOldGen       total 659968K, used 71521K [0x0000000780000000, 0x00000007a8480000, 0x00000007aab00000)
  object space 659968K, 10% used [0x0000000780000000,0x00000007845d8548,0x00000007a8480000)
 Metaspace       used 116162K, capacity 117466K, committed 117932K, reserved 1146880K
  class space    used 19267K, capacity 19623K, committed 19884K, reserved 1048576K
Event: 425.853 GC heap after
Heap after GC invocations=21 (full 6):
 PSYoungGen      total 264704K, used 19047K [0x00000007aab00000, 0x00000007bf480000, 0x00000007c0000000)
  eden space 245248K, 0% used [0x00000007aab00000,0x00000007aab00000,0x00000007b9a80000)
  from space 19456K, 97% used [0x00000007b9a80000,0x00000007bad19c70,0x00000007bad80000)
  to   space 46080K, 0% used [0x00000007bc780000,0x00000007bc780000,0x00000007bf480000)
 ParOldGen       total 659968K, used 71529K [0x0000000780000000, 0x00000007a8480000, 0x00000007aab00000)
  object space 659968K, 10% used [0x0000000780000000,0x00000007845da548,0x00000007a8480000)
 Metaspace       used 116162K, capacity 117466K, committed 117932K, reserved 1146880K
  class space    used 19267K, capacity 19623K, committed 19884K, reserved 1048576K
}
Event: 425.854 GC heap before
{Heap before GC invocations=22 (full 7):
 PSYoungGen      total 264704K, used 19047K [0x00000007aab00000, 0x00000007bf480000, 0x00000007c0000000)
  eden space 245248K, 0% used [0x00000007aab00000,0x00000007aab00000,0x00000007b9a80000)
  from space 19456K, 97% used [0x00000007b9a80000,0x00000007bad19c70,0x00000007bad80000)
  to   space 46080K, 0% used [0x00000007bc780000,0x00000007bc780000,0x00000007bf480000)
 ParOldGen       total 659968K, used 71529K [0x0000000780000000, 0x00000007a8480000, 0x00000007aab00000)
  object space 659968K, 10% used [0x0000000780000000,0x00000007845da548,0x00000007a8480000)
 Metaspace       used 116162K, capacity 117466K, committed 117932K, reserved 1146880K
  class space    used 19267K, capacity 19623K, committed 19884K, reserved 1048576K
Event: 426.375 GC heap after
Heap after GC invocations=22 (full 7):
 PSYoungGen      total 264704K, used 0K [0x00000007aab00000, 0x00000007bf480000, 0x00000007c0000000)
  eden space 245248K, 0% used [0x00000007aab00000,0x00000007aab00000,0x00000007b9a80000)
  from space 19456K, 0% used [0x00000007b9a80000,0x00000007b9a80000,0x00000007bad80000)
  to   space 46080K, 0% used [0x00000007bc780000,0x00000007bc780000,0x00000007bf480000)
 ParOldGen       total 659968K, used 74172K [0x0000000780000000, 0x00000007a8480000, 0x00000007aab00000)
  object space 659968K, 11% used [0x0000000780000000,0x000000078486f068,0x00000007a8480000)
 Metaspace       used 113148K, capacity 114428K, committed 117932K, reserved 1146880K
  class space    used 18751K, capacity 19102K, committed 19884K, reserved 1048576K
}
Event: 426.461 GC heap before
{Heap before GC invocations=23 (full 7):
 PSYoungGen      total 264704K, used 1590K [0x00000007aab00000, 0x00000007bf480000, 0x00000007c0000000)
  eden space 245248K, 0% used [0x00000007aab00000,0x00000007aac8db00,0x00000007b9a80000)
  from space 19456K, 0% used [0x00000007b9a80000,0x00000007b9a80000,0x00000007bad80000)
  to   space 46080K, 0% used [0x00000007bc780000,0x00000007bc780000,0x00000007bf480000)
 ParOldGen       total 659968K, used 74172K [0x0000000780000000, 0x00000007a8480000, 0x00000007aab00000)
  object space 659968K, 11% used [0x0000000780000000,0x000000078486f068,0x00000007a8480000)
 Metaspace       used 113148K, capacity 114428K, committed 117932K, reserved 1146880K
  class space    used 18751K, capacity 19102K, committed 19884K, reserved 1048576K
Event: 426.467 GC heap after
Heap after GC invocations=23 (full 7):
 PSYoungGen      total 289792K, used 64K [0x00000007aab00000, 0x00000007bf780000, 0x00000007c0000000)
  eden space 243712K, 0% used [0x00000007aab00000,0x00000007aab00000,0x00000007b9900000)
  from space 46080K, 0% used [0x00000007bc780000,0x00000007bc790000,0x00000007bf480000)
  to   space 47616K, 0% used [0x00000007b9900000,0x00000007b9900000,0x00000007bc780000)
 ParOldGen       total 659968K, used 74172K [0x0000000780000000, 0x00000007a8480000, 0x00000007aab00000)
  object space 659968K, 11% used [0x0000000780000000,0x000000078486f068,0x00000007a8480000)
 Metaspace       used 113148K, capacity 114428K, committed 117932K, reserved 1146880K
  class space    used 18751K, capacity 19102K, committed 19884K, reserved 1048576K
}
Event: 426.467 GC heap before
{Heap before GC invocations=24 (full 8):
 PSYoungGen      total 289792K, used 64K [0x00000007aab00000, 0x00000007bf780000, 0x00000007c0000000)
  eden space 243712K, 0% used [0x00000007aab00000,0x00000007aab00000,0x00000007b9900000)
  from space 46080K, 0% used [0x00000007bc780000,0x00000007bc790000,0x00000007bf480000)
  to   space 47616K, 0% used [0x00000007b9900000,0x00000007b9900000,0x00000007bc780000)
 ParOldGen       total 659968K, used 74172K [0x0000000780000000, 0x00000007a8480000, 0x00000007aab00000)
  object space 659968K, 11% used [0x0000000780000000,0x000000078486f068,0x00000007a8480000)
 Metaspace       used 113148K, capacity 114428K, committed 117932K, reserved 1146880K
  class space    used 18751K, capacity 19102K, committed 19884K, reserved 1048576K
Event: 426.670 GC heap after
Heap after GC invocations=24 (full 8):
 PSYoungGen      total 289792K, used 0K [0x00000007aab00000, 0x00000007bf780000, 0x00000007c0000000)
  eden space 243712K, 0% used [0x00000007aab00000,0x00000007aab00000,0x00000007b9900000)
  from space 46080K, 0% used [0x00000007bc780000,0x00000007bc780000,0x00000007bf480000)
  to   space 47616K, 0% used [0x00000007b9900000,0x00000007b9900000,0x00000007bc780000)
 ParOldGen       total 659968K, used 67409K [0x0000000780000000, 0x00000007a8480000, 0x00000007aab00000)
  object space 659968K, 10% used [0x0000000780000000,0x00000007841d4468,0x00000007a8480000)
 Metaspace       used 110118K, capacity 111326K, committed 117932K, reserved 1146880K
  class space    used 18235K, capacity 18581K, committed 19884K, reserved 1048576K
}
Event: 673.208 GC heap before
{Heap before GC invocations=25 (full 8):
 PSYoungGen      total 289792K, used 243712K [0x00000007aab00000, 0x00000007bf780000, 0x00000007c0000000)
  eden space 243712K, 100% used [0x00000007aab00000,0x00000007b9900000,0x00000007b9900000)
  from space 46080K, 0% used [0x00000007bc780000,0x00000007bc780000,0x00000007bf480000)
  to   space 47616K, 0% used [0x00000007b9900000,0x00000007b9900000,0x00000007bc780000)
 ParOldGen       total 659968K, used 67409K [0x0000000780000000, 0x00000007a8480000, 0x00000007aab00000)
  object space 659968K, 10% used [0x0000000780000000,0x00000007841d4468,0x00000007a8480000)
 Metaspace       used 117014K, capacity 118366K, committed 118700K, reserved 1148928K
  class space    used 19314K, capacity 19709K, committed 19884K, reserved 1048576K
Event: 673.265 GC heap after
Heap after GC invocations=25 (full 8):
 PSYoungGen      total 291328K, used 19022K [0x00000007aab00000, 0x00000007bfc80000, 0x00000007c0000000)
  eden space 243712K, 0% used [0x00000007aab00000,0x00000007aab00000,0x00000007b9900000)
  from space 47616K, 39% used [0x00000007b9900000,0x00000007bab93840,0x00000007bc780000)
  to   space 45056K, 0% used [0x00000007bd080000,0x00000007bd080000,0x00000007bfc80000)
 ParOldGen       total 659968K, used 67417K [0x0000000780000000, 0x00000007a8480000, 0x00000007aab00000)
  object space 659968K, 10% used [0x0000000780000000,0x00000007841d6468,0x00000007a8480000)
 Metaspace       used 117014K, capacity 118366K, committed 118700K, reserved 1148928K
  class space    used 19314K, capacity 19709K, committed 19884K, reserved 1048576K
}

Deoptimization events (10 events):
Event: 425.036 Thread 0x00007fb71ec2d000 Uncommon trap: reason=class_check action=maybe_recompile pc=0x000000010bd066d8 method=java.lang.reflect.Array.newInstance(Ljava/lang/Class;I)Ljava/lang/Object; @ 2
Event: 425.058 Thread 0x00007fb71ec2d000 Uncommon trap: reason=class_check action=maybe_recompile pc=0x000000010bd066d8 method=java.lang.reflect.Array.newInstance(Ljava/lang/Class;I)Ljava/lang/Object; @ 2
Event: 425.058 Thread 0x00007fb71ec2d000 Uncommon trap: reason=class_check action=maybe_recompile pc=0x000000010bd066d8 method=java.lang.reflect.Array.newInstance(Ljava/lang/Class;I)Ljava/lang/Object; @ 2
Event: 425.218 Thread 0x00007fb71ec2d000 Uncommon trap: reason=range_check action=make_not_entrant pc=0x000000010bf061c4 method=java.lang.String.charAt(I)C @ 27
Event: 425.294 Thread 0x00007fb71ec2d000 Uncommon trap: reason=unstable_if action=reinterpret pc=0x000000010c01b064 method=java.util.HashMap.getNode(ILjava/lang/Object;)Ljava/util/HashMap$Node; @ 84
Event: 426.375 Thread 0x00007fb716800800 Uncommon trap: reason=unstable_if action=reinterpret pc=0x000000010b0e0870 method=java.lang.ref.Reference.tryHandlePending(Z)Z @ 20
Event: 427.928 Thread 0x00007fb715ec8000 Uncommon trap: reason=null_check action=make_not_entrant pc=0x000000010c0fe0cc method=org.reflections.vfs.ZipDir$1$1.computeNext()Lorg/reflections/vfs/Vfs$File; @ 55
Event: 430.454 Thread 0x00007fb71ceb8800 Uncommon trap: reason=class_check action=maybe_recompile pc=0x000000010bc3b128 method=java.util.AbstractList$Itr.next()Ljava/lang/Object; @ 14
Event: 430.472 Thread 0x00007fb71c9aa000 Uncommon trap: reason=unstable_if action=reinterpret pc=0x000000010b7b28e8 method=java.util.concurrent.ConcurrentHashMap.addCount(JI)V @ 34
Event: 430.474 Thread 0x00007fb71c9aa000 Uncommon trap: reason=unstable_if action=reinterpret pc=0x000000010b10ee40 method=java.util.concurrent.ConcurrentHashMap.addCount(JI)V @ 34

Internal exceptions (10 events):
Event: 438.036 Thread 0x00007fb71ceb8800 Exception <a 'java/lang/ClassNotFoundException': models/delivery/DeliveryCustomizer> (0x00000007b405dd00) thrown at [/Users/java_re/workspace/8-2-build-macosx-x86_64/jdk8u102/7268/hotspot/src/share/vm/classfile/systemDictionary.cpp, line 210]
Event: 672.324 Thread 0x00007fb71ceb8800 Exception <a 'java/lang/ClassNotFoundException': models/payment/CreditCardBeanInfo> (0x00000007b44da970) thrown at [/Users/java_re/workspace/8-2-build-macosx-x86_64/jdk8u102/7268/hotspot/src/share/vm/classfile/systemDictionary.cpp, line 210]
Event: 672.327 Thread 0x00007fb71ceb8800 Exception <a 'java/lang/ClassNotFoundException': models/payment/CreditCardCustomizer> (0x00000007b44f4300) thrown at [/Users/java_re/workspace/8-2-build-macosx-x86_64/jdk8u102/7268/hotspot/src/share/vm/classfile/systemDictionary.cpp, line 210]
Event: 672.417 Thread 0x00007fb71d4a1800 Exception <a 'java/io/IOException'> (0x00000007b43fcf88) thrown at [/Users/java_re/workspace/8-2-build-macosx-x86_64/jdk8u102/7268/hotspot/src/share/vm/prims/jni.cpp, line 709]
Event: 672.806 Thread 0x00007fb71e7af000 Exception <a 'java/io/FileNotFoundException'> (0x00000007b802e920) thrown at [/Users/java_re/workspace/8-2-build-macosx-x86_64/jdk8u102/7268/hotspot/src/share/vm/prims/jni.cpp, line 709]
Event: 672.806 Thread 0x00007fb71e7af000 Exception <a 'java/io/FileNotFoundException'> (0x00000007b80306b8) thrown at [/Users/java_re/workspace/8-2-build-macosx-x86_64/jdk8u102/7268/hotspot/src/share/vm/prims/jni.cpp, line 709]
Event: 673.000 Thread 0x00007fb71e7af000 Exception <a 'java/security/PrivilegedActionException'> (0x00000007b8bf5978) thrown at [/Users/java_re/workspace/8-2-build-macosx-x86_64/jdk8u102/7268/hotspot/src/share/vm/prims/jvm.cpp, line 1386]
Event: 673.000 Thread 0x00007fb71e7af000 Exception <a 'java/security/PrivilegedActionException'> (0x00000007b8bf5f58) thrown at [/Users/java_re/workspace/8-2-build-macosx-x86_64/jdk8u102/7268/hotspot/src/share/vm/prims/jvm.cpp, line 1386]
Event: 673.001 Thread 0x00007fb71e7af000 Exception <a 'java/security/PrivilegedActionException'> (0x00000007b8bf9a00) thrown at [/Users/java_re/workspace/8-2-build-macosx-x86_64/jdk8u102/7268/hotspot/src/share/vm/prims/jvm.cpp, line 1386]
Event: 673.001 Thread 0x00007fb71e7af000 Exception <a 'java/security/PrivilegedActionException'> (0x00000007b8bf9fe0) thrown at [/Users/java_re/workspace/8-2-build-macosx-x86_64/jdk8u102/7268/hotspot/src/share/vm/prims/jvm.cpp, line 1386]

Events (10 events):
Event: 673.473 loading class com/typesafe/config/impl/ConfigParser$ParseContext
Event: 673.473 loading class com/typesafe/config/impl/ConfigParser$ParseContext done
Event: 673.474 loading class com/typesafe/config/impl/ConfigNodeInclude
Event: 673.474 loading class com/typesafe/config/impl/ConfigNodeInclude done
Event: 673.494 loading class com/typesafe/config/ConfigException$UnresolvedSubstitution
Event: 673.494 loading class com/typesafe/config/ConfigException$UnresolvedSubstitution done
Event: 673.495 loading class com/typesafe/config/impl/SubstitutionExpression
Event: 673.495 loading class com/typesafe/config/impl/SubstitutionExpression done
Event: 673.502 loading class com/typesafe/config/impl/ConfigConcatenation
Event: 673.502 loading class com/typesafe/config/impl/ConfigConcatenation done


Dynamic libraries:
0x0000000014b6b000 	/System/Library/Frameworks/Cocoa.framework/Versions/A/Cocoa
0x0000000014b6b000 	/System/Library/Frameworks/Security.framework/Versions/A/Security
0x0000000014b6b000 	/System/Library/Frameworks/ApplicationServices.framework/Versions/A/ApplicationServices
0x0000000014b6b000 	/usr/lib/libz.1.dylib
0x0000000014b6b000 	/usr/lib/libSystem.B.dylib
0x0000000014b6b000 	/usr/lib/libobjc.A.dylib
0x0000000014b6b000 	/System/Library/Frameworks/CoreFoundation.framework/Versions/A/CoreFoundation
0x0000000014b6b000 	/System/Library/Frameworks/Foundation.framework/Versions/C/Foundation
0x0000000014b6b000 	/System/Library/Frameworks/AppKit.framework/Versions/C/AppKit
0x0000000014b6b000 	/System/Library/Frameworks/CoreData.framework/Versions/A/CoreData
0x0000000014b6b000 	/System/Library/PrivateFrameworks/RemoteViewServices.framework/Versions/A/RemoteViewServices
0x0000000014b6b000 	/System/Library/PrivateFrameworks/UIFoundation.framework/Versions/A/UIFoundation
0x0000000014b6b000 	/System/Library/PrivateFrameworks/XCTTargetBootstrap.framework/Versions/A/XCTTargetBootstrap
0x0000000014b6b000 	/System/Library/PrivateFrameworks/IconServices.framework/Versions/A/IconServices
0x0000000014b6b000 	/System/Library/Frameworks/Metal.framework/Versions/A/Metal
0x0000000014b6b000 	/System/Library/PrivateFrameworks/DesktopServicesPriv.framework/Versions/A/DesktopServicesPriv
0x0000000014b6b000 	/usr/lib/libenergytrace.dylib
0x0000000014b6b000 	/System/Library/PrivateFrameworks/SkyLight.framework/Versions/A/SkyLight
0x0000000014b6b000 	/System/Library/Frameworks/CoreGraphics.framework/Versions/A/CoreGraphics
0x0000000014b6b000 	/System/Library/Frameworks/Accelerate.framework/Versions/A/Accelerate
0x0000000014b6b000 	/System/Library/Frameworks/IOSurface.framework/Versions/A/IOSurface
0x0000000014b6b000 	/System/Library/PrivateFrameworks/DFRFoundation.framework/Versions/A/DFRFoundation
0x0000000014b6b000 	/System/Library/Frameworks/AudioToolbox.framework/Versions/A/AudioToolbox
0x0000000014b6b000 	/System/Library/Frameworks/AudioUnit.framework/Versions/A/AudioUnit
0x0000000014b6b000 	/System/Library/PrivateFrameworks/DataDetectorsCore.framework/Versions/A/DataDetectorsCore
0x0000000014b6b000 	/System/Library/Frameworks/Carbon.framework/Versions/A/Frameworks/HIToolbox.framework/Versions/A/HIToolbox
0x0000000014b6b000 	/usr/lib/libicucore.A.dylib
0x0000000014b6b000 	/System/Library/Frameworks/QuartzCore.framework/Versions/A/QuartzCore
0x0000000014b6b000 	/System/Library/Frameworks/Carbon.framework/Versions/A/Frameworks/SpeechRecognition.framework/Versions/A/SpeechRecognition
0x0000000014b6b000 	/usr/lib/libauto.dylib
0x0000000014b6b000 	/usr/lib/libxml2.2.dylib
0x0000000014b6b000 	/System/Library/PrivateFrameworks/CoreUI.framework/Versions/A/CoreUI
0x0000000014b6b000 	/System/Library/Frameworks/CoreAudio.framework/Versions/A/CoreAudio
0x0000000014b6b000 	/System/Library/Frameworks/DiskArbitration.framework/Versions/A/DiskArbitration
0x0000000014b6b000 	/usr/lib/liblangid.dylib
0x0000000014b6b000 	/System/Library/PrivateFrameworks/MultitouchSupport.framework/Versions/A/MultitouchSupport
0x0000000014b6b000 	/System/Library/Frameworks/IOKit.framework/Versions/A/IOKit
0x0000000014b6b000 	/usr/lib/libDiagnosticMessagesClient.dylib
0x0000000014b6b000 	/System/Library/Frameworks/CoreServices.framework/Versions/A/CoreServices
0x0000000014b6b000 	/System/Library/PrivateFrameworks/PerformanceAnalysis.framework/Versions/A/PerformanceAnalysis
0x0000000014b6b000 	/System/Library/Frameworks/OpenGL.framework/Versions/A/OpenGL
0x0000000014b6b000 	/System/Library/Frameworks/ColorSync.framework/Versions/A/ColorSync
0x0000000014b6b000 	/System/Library/Frameworks/CoreImage.framework/Versions/A/CoreImage
0x0000000014b6b000 	/System/Library/Frameworks/CoreText.framework/Versions/A/CoreText
0x0000000014b6b000 	/System/Library/Frameworks/ImageIO.framework/Versions/A/ImageIO
0x0000000014b6b000 	/System/Library/PrivateFrameworks/Backup.framework/Versions/A/Backup
0x0000000014b6b000 	/usr/lib/libarchive.2.dylib
0x0000000014b6b000 	/System/Library/Frameworks/CFNetwork.framework/Versions/A/CFNetwork
0x0000000014b6b000 	/System/Library/Frameworks/SystemConfiguration.framework/Versions/A/SystemConfiguration
0x0000000014b6b000 	/usr/lib/libCRFSuite.dylib
0x0000000014b6b000 	/usr/lib/libc++.1.dylib
0x0000000014b6b000 	/usr/lib/libc++abi.dylib
0x0000000014b6b000 	/usr/lib/system/libcache.dylib
0x0000000014b6b000 	/usr/lib/system/libcommonCrypto.dylib
0x0000000014b6b000 	/usr/lib/system/libcompiler_rt.dylib
0x0000000014b6b000 	/usr/lib/system/libcopyfile.dylib
0x0000000014b6b000 	/usr/lib/system/libcorecrypto.dylib
0x0000000014b6b000 	/usr/lib/system/libdispatch.dylib
0x0000000014b6b000 	/usr/lib/system/libdyld.dylib
0x0000000014b6b000 	/usr/lib/system/libkeymgr.dylib
0x0000000014b6b000 	/usr/lib/system/liblaunch.dylib
0x0000000014b6b000 	/usr/lib/system/libmacho.dylib
0x0000000014b6b000 	/usr/lib/system/libquarantine.dylib
0x0000000014b6b000 	/usr/lib/system/libremovefile.dylib
0x0000000014b6b000 	/usr/lib/system/libsystem_asl.dylib
0x0000000014b6b000 	/usr/lib/system/libsystem_blocks.dylib
0x0000000014b6b000 	/usr/lib/system/libsystem_c.dylib
0x0000000014b6b000 	/usr/lib/system/libsystem_configuration.dylib
0x0000000014b6b000 	/usr/lib/system/libsystem_coreservices.dylib
0x0000000014b6b000 	/usr/lib/system/libsystem_darwin.dylib
0x0000000014b6b000 	/usr/lib/system/libsystem_dnssd.dylib
0x0000000014b6b000 	/usr/lib/system/libsystem_info.dylib
0x0000000014b6b000 	/usr/lib/system/libsystem_m.dylib
0x0000000014b6b000 	/usr/lib/system/libsystem_malloc.dylib
0x0000000014b6b000 	/usr/lib/system/libsystem_networkextension.dylib
0x0000000014b6b000 	/usr/lib/system/libsystem_notify.dylib
0x0000000014b6b000 	/usr/lib/system/libsystem_sandbox.dylib
0x0000000014b6b000 	/usr/lib/system/libsystem_secinit.dylib
0x0000000014b6b000 	/usr/lib/system/libsystem_kernel.dylib
0x0000000014b6b000 	/usr/lib/system/libsystem_platform.dylib
0x0000000014b6b000 	/usr/lib/system/libsystem_pthread.dylib
0x0000000014b6b000 	/usr/lib/system/libsystem_symptoms.dylib
0x0000000014b6b000 	/usr/lib/system/libsystem_trace.dylib
0x0000000014b6b000 	/usr/lib/system/libunwind.dylib
0x0000000014b6b000 	/usr/lib/system/libxpc.dylib
0x0000000014b6b000 	/usr/lib/libbsm.0.dylib
0x0000000014b6b000 	/usr/lib/system/libkxld.dylib
0x0000000014b6b000 	/System/Library/PrivateFrameworks/AppleFSCompression.framework/Versions/A/AppleFSCompression
0x0000000014b6b000 	/usr/lib/libOpenScriptingUtil.dylib
0x0000000014b6b000 	/usr/lib/libcoretls.dylib
0x0000000014b6b000 	/usr/lib/libcoretls_cfhelpers.dylib
0x0000000014b6b000 	/usr/lib/libpam.2.dylib
0x0000000014b6b000 	/usr/lib/libsqlite3.dylib
0x0000000014b6b000 	/usr/lib/libxar.1.dylib
0x0000000014b6b000 	/usr/lib/libbz2.1.0.dylib
0x0000000014b6b000 	/usr/lib/liblzma.5.dylib
0x0000000014b6b000 	/usr/lib/libnetwork.dylib
0x0000000014b6b000 	/usr/lib/libapple_nghttp2.dylib
0x0000000014b6b000 	/usr/lib/libpcap.A.dylib
0x0000000014b6b000 	/System/Library/Frameworks/CoreServices.framework/Versions/A/Frameworks/FSEvents.framework/Versions/A/FSEvents
0x0000000014b6b000 	/System/Library/Frameworks/CoreServices.framework/Versions/A/Frameworks/CarbonCore.framework/Versions/A/CarbonCore
0x0000000014b6b000 	/System/Library/Frameworks/CoreServices.framework/Versions/A/Frameworks/Metadata.framework/Versions/A/Metadata
0x0000000014b6b000 	/System/Library/Frameworks/CoreServices.framework/Versions/A/Frameworks/OSServices.framework/Versions/A/OSServices
0x0000000014b6b000 	/System/Library/Frameworks/CoreServices.framework/Versions/A/Frameworks/SearchKit.framework/Versions/A/SearchKit
0x0000000014b6b000 	/System/Library/Frameworks/CoreServices.framework/Versions/A/Frameworks/AE.framework/Versions/A/AE
0x0000000014b6b000 	/System/Library/Frameworks/CoreServices.framework/Versions/A/Frameworks/LaunchServices.framework/Versions/A/LaunchServices
0x0000000014b6b000 	/System/Library/Frameworks/CoreServices.framework/Versions/A/Frameworks/DictionaryServices.framework/Versions/A/DictionaryServices
0x0000000014b6b000 	/System/Library/Frameworks/CoreServices.framework/Versions/A/Frameworks/SharedFileList.framework/Versions/A/SharedFileList
0x0000000014b6b000 	/System/Library/Frameworks/NetFS.framework/Versions/A/NetFS
0x0000000014b6b000 	/System/Library/PrivateFrameworks/NetAuth.framework/Versions/A/NetAuth
0x0000000014b6b000 	/System/Library/PrivateFrameworks/login.framework/Versions/A/Frameworks/loginsupport.framework/Versions/A/loginsupport
0x0000000014b6b000 	/System/Library/PrivateFrameworks/TCC.framework/Versions/A/TCC
0x0000000014b6b000 	/System/Library/PrivateFrameworks/CoreNLP.framework/Versions/A/CoreNLP
0x0000000014b6b000 	/System/Library/PrivateFrameworks/MetadataUtilities.framework/Versions/A/MetadataUtilities
0x0000000014b6b000 	/usr/lib/libmecabra.dylib
0x0000000014b6b000 	/System/Library/Frameworks/ApplicationServices.framework/Versions/A/Frameworks/ATS.framework/Versions/A/ATS
0x0000000014b6b000 	/System/Library/Frameworks/ApplicationServices.framework/Versions/A/Frameworks/ColorSyncLegacy.framework/Versions/A/ColorSyncLegacy
0x0000000014b6b000 	/System/Library/Frameworks/ApplicationServices.framework/Versions/A/Frameworks/HIServices.framework/Versions/A/HIServices
0x0000000014b6b000 	/System/Library/Frameworks/ApplicationServices.framework/Versions/A/Frameworks/LangAnalysis.framework/Versions/A/LangAnalysis
0x0000000014b6b000 	/System/Library/Frameworks/ApplicationServices.framework/Versions/A/Frameworks/PrintCore.framework/Versions/A/PrintCore
0x0000000014b6b000 	/System/Library/Frameworks/ApplicationServices.framework/Versions/A/Frameworks/QD.framework/Versions/A/QD
0x0000000014b6b000 	/System/Library/Frameworks/ApplicationServices.framework/Versions/A/Frameworks/SpeechSynthesis.framework/Versions/A/SpeechSynthesis
0x0000000014b6b000 	/usr/lib/libcompression.dylib
0x0000000014b6b000 	/System/Library/Frameworks/CoreDisplay.framework/Versions/A/CoreDisplay
0x0000000014b6b000 	/System/Library/Frameworks/MetalPerformanceShaders.framework/Versions/A/MetalPerformanceShaders
0x0000000014b6b000 	/System/Library/Frameworks/Accelerate.framework/Versions/A/Frameworks/vImage.framework/Versions/A/vImage
0x0000000014b6b000 	/System/Library/Frameworks/Accelerate.framework/Versions/A/Frameworks/vecLib.framework/Versions/A/vecLib
0x0000000014b6b000 	/System/Library/Frameworks/Accelerate.framework/Versions/A/Frameworks/vecLib.framework/Versions/A/libvMisc.dylib
0x0000000014b6b000 	/System/Library/Frameworks/Accelerate.framework/Versions/A/Frameworks/vecLib.framework/Versions/A/libvDSP.dylib
0x0000000014b6b000 	/System/Library/Frameworks/Accelerate.framework/Versions/A/Frameworks/vecLib.framework/Versions/A/libBLAS.dylib
0x0000000014b6b000 	/System/Library/Frameworks/Accelerate.framework/Versions/A/Frameworks/vecLib.framework/Versions/A/libLAPACK.dylib
0x0000000014b6b000 	/System/Library/Frameworks/Accelerate.framework/Versions/A/Frameworks/vecLib.framework/Versions/A/libLinearAlgebra.dylib
0x0000000014b6b000 	/System/Library/Frameworks/Accelerate.framework/Versions/A/Frameworks/vecLib.framework/Versions/A/libSparseBLAS.dylib
0x0000000014b6b000 	/System/Library/Frameworks/Accelerate.framework/Versions/A/Frameworks/vecLib.framework/Versions/A/libQuadrature.dylib
0x0000000014b6b000 	/System/Library/Frameworks/Accelerate.framework/Versions/A/Frameworks/vecLib.framework/Versions/A/libBNNS.dylib
0x0000000014b6b000 	/System/Library/Frameworks/Accelerate.framework/Versions/A/Frameworks/vecLib.framework/Versions/A/libSparse.dylib
0x0000000014b6b000 	/System/Library/PrivateFrameworks/GPUWrangler.framework/Versions/A/GPUWrangler
0x0000000014b6b000 	/System/Library/PrivateFrameworks/IOAccelerator.framework/Versions/A/IOAccelerator
0x0000000014b6b000 	/System/Library/PrivateFrameworks/IOPresentment.framework/Versions/A/IOPresentment
0x0000000014b6b000 	/System/Library/PrivateFrameworks/DSExternalDisplay.framework/Versions/A/DSExternalDisplay
0x0000000014b6b000 	/System/Library/Frameworks/OpenGL.framework/Versions/A/Libraries/libCoreFSCache.dylib
0x0000000014b6b000 	/System/Library/Frameworks/MetalPerformanceShaders.framework/Frameworks/MPSCore.framework/Versions/A/MPSCore
0x0000000014b6b000 	/System/Library/Frameworks/MetalPerformanceShaders.framework/Frameworks/MPSImage.framework/Versions/A/MPSImage
0x0000000014b6b000 	/System/Library/Frameworks/MetalPerformanceShaders.framework/Frameworks/MPSNeuralNetwork.framework/Versions/A/MPSNeuralNetwork
0x0000000014b6b000 	/System/Library/Frameworks/MetalPerformanceShaders.framework/Frameworks/MPSMatrix.framework/Versions/A/MPSMatrix
0x0000000014b6b000 	/System/Library/Frameworks/MetalPerformanceShaders.framework/Frameworks/MPSRayIntersector.framework/Versions/A/MPSRayIntersector
0x0000000014b6b000 	/System/Library/PrivateFrameworks/MetalTools.framework/Versions/A/MetalTools
0x0000000014b6b000 	/System/Library/PrivateFrameworks/AggregateDictionary.framework/Versions/A/AggregateDictionary
0x0000000014b6b000 	/usr/lib/libMobileGestalt.dylib
0x0000000014b6b000 	/System/Library/Frameworks/CoreVideo.framework/Versions/A/CoreVideo
0x0000000014b6b000 	/System/Library/PrivateFrameworks/GraphVisualizer.framework/Versions/A/GraphVisualizer
0x0000000014b6b000 	/System/Library/PrivateFrameworks/FaceCore.framework/Versions/A/FaceCore
0x0000000014b6b000 	/System/Library/Frameworks/OpenCL.framework/Versions/A/OpenCL
0x0000000014b6b000 	/usr/lib/libFosl_dynamic.dylib
0x0000000014b6b000 	/System/Library/PrivateFrameworks/OTSVG.framework/Versions/A/OTSVG
0x0000000014b6b000 	/System/Library/Frameworks/ApplicationServices.framework/Versions/A/Frameworks/ATS.framework/Versions/A/Resources/libFontParser.dylib
0x0000000014b6b000 	/System/Library/Frameworks/ApplicationServices.framework/Versions/A/Frameworks/ATS.framework/Versions/A/Resources/libFontRegistry.dylib
0x0000000014b6b000 	/System/Library/Frameworks/ImageIO.framework/Versions/A/Resources/libJPEG.dylib
0x0000000014b6b000 	/System/Library/Frameworks/ImageIO.framework/Versions/A/Resources/libTIFF.dylib
0x0000000014b6b000 	/System/Library/Frameworks/ImageIO.framework/Versions/A/Resources/libPng.dylib
0x0000000014b6b000 	/System/Library/Frameworks/ImageIO.framework/Versions/A/Resources/libGIF.dylib
0x0000000014b6b000 	/System/Library/Frameworks/ImageIO.framework/Versions/A/Resources/libJP2.dylib
0x0000000014b6b000 	/System/Library/Frameworks/ImageIO.framework/Versions/A/Resources/libRadiance.dylib
0x0000000014b6b000 	/System/Library/PrivateFrameworks/AppleJPEG.framework/Versions/A/AppleJPEG
0x0000000014b6b000 	/System/Library/Frameworks/OpenGL.framework/Versions/A/Libraries/libGFXShared.dylib
0x0000000014b6b000 	/System/Library/Frameworks/OpenGL.framework/Versions/A/Libraries/libGLU.dylib
0x0000000014b6b000 	/System/Library/Frameworks/OpenGL.framework/Versions/A/Libraries/libGL.dylib
0x0000000014b6b000 	/System/Library/Frameworks/OpenGL.framework/Versions/A/Libraries/libGLImage.dylib
0x0000000014b6b000 	/System/Library/Frameworks/OpenGL.framework/Versions/A/Libraries/libCVMSPluginSupport.dylib
0x0000000014b6b000 	/System/Library/Frameworks/OpenGL.framework/Versions/A/Libraries/libCoreVMClient.dylib
0x0000000014b6b000 	/usr/lib/libcups.2.dylib
0x0000000014b6b000 	/System/Library/Frameworks/Kerberos.framework/Versions/A/Kerberos
0x0000000014b6b000 	/System/Library/Frameworks/GSS.framework/Versions/A/GSS
0x0000000014b6b000 	/usr/lib/libresolv.9.dylib
0x0000000014b6b000 	/usr/lib/libiconv.2.dylib
0x0000000014b6b000 	/System/Library/PrivateFrameworks/Heimdal.framework/Versions/A/Heimdal
0x0000000014b6b000 	/usr/lib/libheimdal-asn1.dylib
0x0000000014b6b000 	/System/Library/Frameworks/OpenDirectory.framework/Versions/A/OpenDirectory
0x0000000014b6b000 	/System/Library/PrivateFrameworks/CommonAuth.framework/Versions/A/CommonAuth
0x0000000014b6b000 	/System/Library/Frameworks/OpenDirectory.framework/Versions/A/Frameworks/CFOpenDirectory.framework/Versions/A/CFOpenDirectory
0x0000000014b6b000 	/System/Library/Frameworks/SecurityFoundation.framework/Versions/A/SecurityFoundation
0x0000000014b6b000 	/System/Library/PrivateFrameworks/APFS.framework/Versions/A/APFS
0x0000000014b6b000 	/usr/lib/libutil.dylib
0x0000000014b6b000 	/usr/lib/libcharset.1.dylib
0x0000000014b6b000 	/System/Library/PrivateFrameworks/AppleSauce.framework/Versions/A/AppleSauce
0x0000000014b6b000 	/System/Library/PrivateFrameworks/AssertionServices.framework/Versions/A/AssertionServices
0x0000000014b6b000 	/System/Library/PrivateFrameworks/BaseBoard.framework/Versions/A/BaseBoard
0x0000000014b6b000 	/usr/lib/libmecab.1.0.0.dylib
0x0000000014b6b000 	/usr/lib/libgermantok.dylib
0x0000000014b6b000 	/usr/lib/libThaiTokenizer.dylib
0x0000000014b6b000 	/usr/lib/libChineseTokenizer.dylib
0x0000000014b6b000 	/System/Library/PrivateFrameworks/LanguageModeling.framework/Versions/A/LanguageModeling
0x0000000014b6b000 	/System/Library/PrivateFrameworks/CoreEmoji.framework/Versions/A/CoreEmoji
0x0000000014b6b000 	/System/Library/PrivateFrameworks/Lexicon.framework/Versions/A/Lexicon
0x0000000014b6b000 	/System/Library/PrivateFrameworks/LinguisticData.framework/Versions/A/LinguisticData
0x0000000014b6b000 	/usr/lib/libcmph.dylib
0x0000000014b6b000 	/System/Library/Frameworks/ServiceManagement.framework/Versions/A/ServiceManagement
0x0000000014b6b000 	/System/Library/PrivateFrameworks/BackgroundTaskManagement.framework/Versions/A/BackgroundTaskManagement
0x0000000014b6b000 	/usr/lib/libxslt.1.dylib
0x0000000014b6b000 	/System/Library/Frameworks/Carbon.framework/Versions/A/Frameworks/Ink.framework/Versions/A/Ink
0x0000000014b6b000 	/System/Library/PrivateFrameworks/TextureIO.framework/Versions/A/TextureIO
0x0000000014b6b000 	/usr/lib/libate.dylib
0x0000000014b6b000 	/System/Library/PrivateFrameworks/CrashReporterSupport.framework/Versions/A/CrashReporterSupport
0x0000000014b6b000 	/System/Library/PrivateFrameworks/Sharing.framework/Versions/A/Sharing
0x0000000014b6b000 	/System/Library/PrivateFrameworks/AuthKit.framework/Versions/A/AuthKit
0x0000000014b6b000 	/System/Library/PrivateFrameworks/Apple80211.framework/Versions/A/Apple80211
0x0000000014b6b000 	/System/Library/PrivateFrameworks/CoreUtils.framework/Versions/A/CoreUtils
0x0000000014b6b000 	/System/Library/Frameworks/CoreWLAN.framework/Versions/A/CoreWLAN
0x0000000014b6b000 	/System/Library/Frameworks/IOBluetooth.framework/Versions/A/IOBluetooth
0x0000000014b6b000 	/System/Library/PrivateFrameworks/ProtocolBuffer.framework/Versions/A/ProtocolBuffer
0x0000000014b6b000 	/System/Library/PrivateFrameworks/MobileKeyBag.framework/Versions/A/MobileKeyBag
0x0000000014b6b000 	/System/Library/PrivateFrameworks/CorePhoneNumbers.framework/Versions/A/CorePhoneNumbers
0x0000000014b6b000 	/System/Library/PrivateFrameworks/AppleIDAuthSupport.framework/Versions/A/AppleIDAuthSupport
0x0000000014b6b000 	/System/Library/PrivateFrameworks/KeychainCircle.framework/Versions/A/KeychainCircle
0x0000000014b6b000 	/System/Library/PrivateFrameworks/ROCKit.framework/Versions/A/ROCKit
0x0000000014b6b000 	/System/Library/PrivateFrameworks/CoreWiFi.framework/Versions/A/CoreWiFi
0x0000000014b6b000 	/System/Library/Frameworks/CoreBluetooth.framework/Versions/A/CoreBluetooth
0x0000000014b6b000 	/System/Library/PrivateFrameworks/DebugSymbols.framework/Versions/A/DebugSymbols
0x0000000014b6b000 	/System/Library/PrivateFrameworks/CoreSymbolication.framework/Versions/A/CoreSymbolication
0x0000000014b6b000 	/System/Library/PrivateFrameworks/Symbolication.framework/Versions/A/Symbolication
0x0000000014b6b000 	/System/Library/PrivateFrameworks/SpeechRecognitionCore.framework/Versions/A/SpeechRecognitionCore
0x0000000102000000 	/Library/Java/JavaVirtualMachines/jdk1.8.0_102.jdk/Contents/Home/jre/lib/server/libjvm.dylib
0x0000000014b6b000 	/usr/lib/libstdc++.6.dylib
0x00000001016d9000 	/Library/Java/JavaVirtualMachines/jdk1.8.0_102.jdk/Contents/Home/jre/lib/libverify.dylib
0x00000001016e7000 	/Library/Java/JavaVirtualMachines/jdk1.8.0_102.jdk/Contents/Home/jre/lib/libjava.dylib
0x000000010171d000 	/Library/Java/JavaVirtualMachines/jdk1.8.0_102.jdk/Contents/Home/jre/lib/libjdwp.dylib
0x0000000101768000 	/Library/Java/JavaVirtualMachines/jdk1.8.0_102.jdk/Contents/Home/jre/lib/libnpt.dylib
0x000000010176c000 	/Library/Java/JavaVirtualMachines/jdk1.8.0_102.jdk/Contents/Home/jre/lib/libinstrument.dylib
0x00000001017ca000 	/Library/Java/JavaVirtualMachines/jdk1.8.0_102.jdk/Contents/Home/jre/lib/libzip.dylib
0x0000000014b6b000 	/System/Library/Frameworks/JavaVM.framework/Versions/A/Frameworks/JavaRuntimeSupport.framework/Versions/A/JavaRuntimeSupport
0x0000000014b6b000 	/System/Library/Frameworks/JavaVM.framework/Versions/A/Frameworks/JavaNativeFoundation.framework/Versions/A/JavaNativeFoundation
0x0000000014b6b000 	/System/Library/Frameworks/JavaVM.framework/Versions/A/JavaVM
0x0000000014b6b000 	/System/Library/Frameworks/Carbon.framework/Versions/A/Carbon
0x0000000014b6b000 	/System/Library/PrivateFrameworks/JavaLaunching.framework/Versions/A/JavaLaunching
0x0000000014b6b000 	/System/Library/Frameworks/Carbon.framework/Versions/A/Frameworks/CommonPanels.framework/Versions/A/CommonPanels
0x0000000014b6b000 	/System/Library/Frameworks/Carbon.framework/Versions/A/Frameworks/Help.framework/Versions/A/Help
0x0000000014b6b000 	/System/Library/Frameworks/Carbon.framework/Versions/A/Frameworks/ImageCapture.framework/Versions/A/ImageCapture
0x0000000014b6b000 	/System/Library/Frameworks/Carbon.framework/Versions/A/Frameworks/OpenScripting.framework/Versions/A/OpenScripting
0x0000000014b6b000 	/System/Library/Frameworks/Carbon.framework/Versions/A/Frameworks/Print.framework/Versions/A/Print
0x0000000014b6b000 	/System/Library/Frameworks/Carbon.framework/Versions/A/Frameworks/SecurityHI.framework/Versions/A/SecurityHI
0x00000001017f5000 	/Library/Java/JavaVirtualMachines/jdk1.8.0_102.jdk/Contents/Home/jre/lib/libdt_socket.dylib
0x0000000108e92000 	/Library/Java/JavaVirtualMachines/jdk1.8.0_102.jdk/Contents/Home/jre/lib/libnet.dylib
0x0000000108f21000 	/Library/Java/JavaVirtualMachines/jdk1.8.0_102.jdk/Contents/Home/jre/lib/libnio.dylib
0x0000000119f8b000 	/Library/Java/JavaVirtualMachines/jdk1.8.0_102.jdk/Contents/Home/jre/lib/libmanagement.dylib
0x0000000119f99000 	/Users/harsha/Documents/Work/Spring2019/SoftwareArch/TeamProject/Play Framework slides/software-store-application/target/native_libraries/64bits/libjnotify.jnilib
0x0000000108f35000 	/Library/Java/JavaVirtualMachines/jdk1.8.0_102.jdk/Contents/Home/jre/lib/libsunec.dylib

VM Arguments:
jvm_args: -agentlib:jdwp=transport=dt_socket,address=127.0.0.1:61485,suspend=y,server=n -Dfile.encoding=UTF8 -Djline.terminal=none -Dsbt.log.noformat=true -Dsbt.global.base=/private/var/folders/40/bb1z8wr14yl7vw8737bl_fwr0000gp/T/sbt-global-pluginstub -Xms512M -Xmx1024M -Xss1M -XX:+CMSClassUnloadingEnabled -XX:MaxPermSize=256M -javaagent:/Users/harsha/Library/Caches/IntelliJIdea2018.2/captureAgent/debugger-agent.jar=file:/private/var/folders/40/bb1z8wr14yl7vw8737bl_fwr0000gp/T/capture.props 
java_command: xsbt.boot.Boot project root run
java_class_path (initial): /Users/harsha/Library/Application Support/IntelliJIdea2018.2/Scala/launcher/sbt-launch.jar:/Users/harsha/Library/Application Support/JetBrains/Toolbox/apps/IDEA-U/ch-0/182.4323.46/IntelliJ IDEA.app/Contents/lib/idea_rt.jar:/Users/harsha/Library/Caches/IntelliJIdea2018.2/captureAgent/debugger-agent.jar
Launcher Type: SUN_STANDARD

Environment Variables:
PATH=/Users/harsha/google-cloud-sdk/bin:/usr/local/bin/terraform:/usr/local/opt/unzip/bin:/Users/harsha/lib/azure-cli/bin:/Users/harsha/Library/Python/3.7/bin:/usr/local/opt/python/libexec/bin:/usr/local/bin:/usr/bin/python:/usr/local/bin:/usr/bin:/bin:/usr/sbin:/sbin:/Users/harsha/gcc-arm-none-eabi/bin:/Users/harsha/repos/ftditerm:/Users/harsha/Documents/Work/F-Rummy/flutter/bin:/usr/local/Cellar/hadoop/3.0.0/bin/:/Users/harsha/bin
SHELL=/bin/bash
DISPLAY=/private/tmp/com.apple.launchd.NntvizV7Yt/org.macosforge.xquartz:0

Signal Handlers:
SIGSEGV: [libjvm.dylib+0x5b0579], sa_mask[0]=11111111011111110111111111111111, sa_flags=SA_ONSTACK|SA_RESTART|SA_SIGINFO
SIGBUS: [libjvm.dylib+0x5b0579], sa_mask[0]=11111111011111110111111111111111, sa_flags=SA_RESTART|SA_SIGINFO
SIGFPE: [libjvm.dylib+0x4874e4], sa_mask[0]=11111111011111110111111111111111, sa_flags=SA_RESTART|SA_SIGINFO
SIGPIPE: [libjvm.dylib+0x4874e4], sa_mask[0]=11111111011111110111111111111111, sa_flags=SA_RESTART|SA_SIGINFO
SIGXFSZ: [libjvm.dylib+0x4874e4], sa_mask[0]=11111111011111110111111111111111, sa_flags=SA_RESTART|SA_SIGINFO
SIGILL: [libjvm.dylib+0x4874e4], sa_mask[0]=11111111011111110111111111111111, sa_flags=SA_RESTART|SA_SIGINFO
SIGUSR1: SIG_DFL, sa_mask[0]=00000000000000000000000000000000, sa_flags=none
SIGUSR2: [libjvm.dylib+0x487002], sa_mask[0]=00100000000000000000000000000000, sa_flags=SA_RESTART|SA_SIGINFO
SIGHUP: [libjvm.dylib+0x4855d9], sa_mask[0]=11111111011111110111111111111111, sa_flags=SA_RESTART|SA_SIGINFO
SIGINT: [libjvm.dylib+0x4855d9], sa_mask[0]=11111111011111110111111111111111, sa_flags=SA_RESTART|SA_SIGINFO
SIGTERM: [libjvm.dylib+0x4855d9], sa_mask[0]=11111111011111110111111111111111, sa_flags=SA_RESTART|SA_SIGINFO
SIGQUIT: [libjvm.dylib+0x4855d9], sa_mask[0]=11111111011111110111111111111111, sa_flags=SA_RESTART|SA_SIGINFO


---------------  S Y S T E M  ---------------

OS:Bsduname:Darwin 18.2.0 Darwin Kernel Version 18.2.0: Mon Nov 12 20:24:46 PST 2018; root:xnu-4903.231.4~2/RELEASE_X86_64 x86_64
rlimit: STACK 8192k, CORE 0k, NPROC 709, NOFILE 10240, AS infinity
load average:2.73 3.70 4.01

CPU:total 4 (2 cores per cpu, 2 threads per core) family 6 model 61 stepping 4, cmov, cx8, fxsr, mmx, sse, sse2, sse3, ssse3, sse4.1, sse4.2, popcnt, avx, avx2, aes, clmul, erms, 3dnowpref, lzcnt, ht, tsc, tscinvbit, bmi1, bmi2, adx

Memory: 4k page, physical 8388608k(49188k free)

/proc/meminfo:


vm_info: Java HotSpot(TM) 64-Bit Server VM (25.102-b14) for bsd-amd64 JRE (1.8.0_102-b14), built on Jun 22 2016 11:42:36 by "java_re" with gcc 4.2.1 (Based on Apple Inc. build 5658) (LLVM build 2336.11.00)

time: Tue Apr  9 12:08:20 2019
elapsed time: 673 seconds (0d 0h 11m 13s)

